#
# There is insufficient memory for the Java Runtime Environment to continue.
# Native memory allocation (mmap) failed to map 532676608 bytes. Error detail: G1 virtual space
# Possible reasons:
#   The system is out of physical RAM or swap space
#   This process is running with CompressedOops enabled, and the Java Heap may be blocking the growth of the native heap
# Possible solutions:
#   Reduce memory load on the system
#   Increase physical memory or swap space
#   Check if swap backing store is full
#   Decrease Java heap size (-Xmx/-Xms)
#   Decrease number of Java threads
#   Decrease Java thread stack sizes (-Xss)
#   Set larger code cache with -XX:ReservedCodeCacheSize=
#   JVM is running with Zero Based Compressed Oops mode in which the Java heap is
#     placed in the first 32GB address space. The Java Heap base address is the
#     maximum limit for the native heap growth. Please use -XX:HeapBaseMinAddress
#     to set the Java Heap base and to place the Java Heap above 32GB virtual address.
# This output file may be truncated or incomplete.
#
#  Out of Memory Error (os_windows.cpp:3707), pid=2832, tid=24516
#
# JRE version:  (23.0.2+7) (build )
# Java VM: Java HotSpot(TM) 64-Bit Server VM (23.0.2+7-58, mixed mode, sharing, tiered, compressed oops, compressed class ptrs, g1 gc, windows-amd64)
# No core dump will be written. Minidumps are not enabled by default on client versions of Windows
#

---------------  S U M M A R Y ------------

Command Line: -Dmaven.multiModuleProjectDirectory=C:\Users\jayar\Desktop\realtime-portfolio -Djansi.passthrough=true -Dmaven.home=C:\Users\jayar\.m2\wrapper\dists\apache-maven-3.9.9-bin\4nf9hui3q3djbarqar9g711ggc\apache-maven-3.9.9 -Dclassworlds.conf=C:\Users\jayar\.m2\wrapper\dists\apache-maven-3.9.9-bin\4nf9hui3q3djbarqar9g711ggc\apache-maven-3.9.9\bin\m2.conf -Dmaven.ext.class.path=C:\Users\jayar\Documents\ideaIC-2024.3.4.win\plugins\maven\lib\maven-event-listener.jar -javaagent:C:\Users\jayar\Documents\ideaIC-2024.3.4.win\lib\idea_rt.jar=61710 -Dfile.encoding=UTF-8 -Dsun.stdout.encoding=UTF-8 -Dsun.stderr.encoding=UTF-8 org.codehaus.classworlds.Launcher -Didea.version=2024.3.4 clean

Host: 11th Gen Intel(R) Core(TM) i7-1185G7 @ 3.00GHz, 8 cores, 31G,  Windows 11 , 64 bit Build 26100 (10.0.26100.8521)
Time: Fri Jun 26 09:11:03 2026 India Standard Time elapsed time: 0.012645 seconds (0d 0h 0m 0s)

---------------  T H R E A D  ---------------

Current thread (0x000001e910b464b0):  JavaThread "Unknown thread" [_thread_in_vm, id=24516, stack(0x000000b473e00000,0x000000b473f00000) (1024K)]

Stack: [0x000000b473e00000,0x000000b473f00000]
Native frames: (J=compiled Java code, j=interpreted, Vv=VM code, C=native code)
V  [jvm.dll+0x6e0b99]  (no source info available)
V  [jvm.dll+0x87e2b3]  (no source info available)
V  [jvm.dll+0x88073e]  (no source info available)
V  [jvm.dll+0x880e13]  (no source info available)
V  [jvm.dll+0x27b006]  (no source info available)
V  [jvm.dll+0x6dd485]  (no source info available)
V  [jvm.dll+0x6d127a]  (no source info available)
V  [jvm.dll+0x35b50a]  (no source info available)
V  [jvm.dll+0x363916]  (no source info available)
V  [jvm.dll+0x34fe7e]  (no source info available)
V  [jvm.dll+0x350118]  (no source info available)
V  [jvm.dll+0x328aec]  (no source info available)
V  [jvm.dll+0x32978e]  (no source info available)
V  [jvm.dll+0x8449a5]  (no source info available)
V  [jvm.dll+0x3b9a08]  (no source info available)
V  [jvm.dll+0x82d68c]  (no source info available)
V  [jvm.dll+0x454f2e]  (no source info available)
V  [jvm.dll+0x456db1]  (no source info available)
C  [jli.dll+0x52a3]  (no source info available)
C  [ucrtbase.dll+0x2cd30]  (no source info available)
C  [KERNEL32.DLL+0x2e957]  (no source info available)
C  [ntdll.dll+0x87c1c]  (no source info available)

Lock stack of current Java thread (top to bottom):


---------------  P R O C E S S  ---------------

Threads class SMR info:
_java_thread_list=0x00007fff8cd24618, length=0, elements={
}

Java Threads: ( => current thread )
Total: 0

Other Threads:
  0x000001e912fa4070 WorkerThread "GC Thread#0"                     [id=25192, stack(0x000000b473f00000,0x000000b474000000) (1024K)]
  0x000001e912fb8cc0 ConcurrentGCThread "G1 Main Marker"            [id=11616, stack(0x000000b474000000,0x000000b474100000) (1024K)]
  0x000001e912fba600 WorkerThread "G1 Conc#0"                       [id=20756, stack(0x000000b474100000,0x000000b474200000) (1024K)]

[error occurred during error reporting (printing all threads), id 0xc0000005, EXCEPTION_ACCESS_VIOLATION (0xc0000005) at pc=0x00007fff8c46c0da]
VM state: not at safepoint (not fully initialized)

VM Mutex/Monitor currently owned by a thread:  ([mutex/lock_event])
[0x00007fff8cda4988] Heap_lock - owner thread: 0x000001e910b464b0

Heap address: 0x0000000604c00000, size: 8116 MB, Compressed Oops mode: Zero based, Oop shift amount: 3

CDS archive(s) mapped at: [0x0000000000000000-0x0000000000000000-0x0000000000000000), size 0, SharedBaseAddress: 0x0000000800000000, ArchiveRelocationMode: 1.
Narrow klass base: 0x0000000000000000, Narrow klass shift: 0, Narrow klass range: 0x0

GC Precious Log:
 CardTable entry size: 512
 Card Set container configuration: InlinePtr #cards 4 size 8 Array Of Cards #cards 32 size 80 Howl #buckets 8 coarsen threshold 7372 Howl Bitmap #cards 1024 size 144 coarsen threshold 921 Card regions per heap region 1 cards per card region 8192

Heap:
 garbage-first heap   total reserved 8310784K, committed 0K, used 0K [0x0000000604c00000, 0x0000000800000000)
  region size 4096K, 0 young (0K), 0 survivors (0K)

[error occurred during error reporting (printing heap information), id 0xc0000005, EXCEPTION_ACCESS_VIOLATION (0xc0000005) at pc=0x00007fff8c86c6a9]
GC Heap History (0 events):
No events

Dll operation events (1 events):
Event: 0.008 Loaded shared library C:\Program Files\Java\jdk-23\bin\java.dll

Deoptimization events (0 events):
No events

Classes loaded (0 events):
No events

Classes unloaded (0 events):
No events

Classes redefined (0 events):
No events

Internal exceptions (0 events):
No events

VM Operations (0 events):
No events

Memory protections (0 events):
No events

Nmethod flushes (0 events):
No events

Events (0 events):
No events


Dynamic libraries:
0x00007ff7ff8d0000 - 0x00007ff7ff8e0000 	C:\Program Files\Java\jdk-23\bin\java.exe
0x00007ff857800000 - 0x00007ff857a66000 	C:\WINDOWS\SYSTEM32\ntdll.dll
0x00007ff856e90000 - 0x00007ff856f59000 	C:\WINDOWS\System32\KERNEL32.DLL
0x00007ff854d50000 - 0x00007ff85514a000 	C:\WINDOWS\System32\KERNELBASE.dll
0x00007ff854a90000 - 0x00007ff854bdc000 	C:\WINDOWS\System32\ucrtbase.dll
0x00007ff835f10000 - 0x00007ff835f27000 	C:\Program Files\Java\jdk-23\bin\jli.dll
0x00007ff835f30000 - 0x00007ff835f4b000 	C:\Program Files\Java\jdk-23\bin\VCRUNTIME140.dll
0x00007ff856a10000 - 0x00007ff856bd7000 	C:\WINDOWS\System32\USER32.dll
0x00007ff855360000 - 0x00007ff855387000 	C:\WINDOWS\System32\win32u.dll
0x00007ff82c810000 - 0x00007ff82caa2000 	C:\WINDOWS\WinSxS\amd64_microsoft.windows.common-controls_6595b64144ccf1df_6.0.26100.8521_none_3e08b75ce33403b3\COMCTL32.dll
0x00007ff8575c0000 - 0x00007ff8575eb000 	C:\WINDOWS\System32\GDI32.dll
0x00007ff856960000 - 0x00007ff856a09000 	C:\WINDOWS\System32\msvcrt.dll
0x00007ff855390000 - 0x00007ff8554bb000 	C:\WINDOWS\System32\gdi32full.dll
0x00007ff8554c0000 - 0x00007ff855563000 	C:\WINDOWS\System32\msvcp_win.dll
0x00007ff8576f0000 - 0x00007ff857722000 	C:\WINDOWS\System32\IMM32.DLL
0x00007ff835f00000 - 0x00007ff835f0c000 	C:\Program Files\Java\jdk-23\bin\vcruntime140_1.dll
0x00007ff835400000 - 0x00007ff83548e000 	C:\Program Files\Java\jdk-23\bin\msvcp140.dll
0x00007fff8c130000 - 0x00007fff8ce80000 	C:\Program Files\Java\jdk-23\bin\server\jvm.dll
0x00007ff855570000 - 0x00007ff855626000 	C:\WINDOWS\System32\ADVAPI32.dll
0x00007ff857360000 - 0x00007ff85740a000 	C:\WINDOWS\System32\sechost.dll
0x00007ff857410000 - 0x00007ff857528000 	C:\WINDOWS\System32\RPCRT4.dll
0x00007ff857530000 - 0x00007ff8575b0000 	C:\WINDOWS\System32\WS2_32.dll
0x00007ff8548f0000 - 0x00007ff85494e000 	C:\WINDOWS\SYSTEM32\POWRPROF.dll
0x00007ff8492b0000 - 0x00007ff8492e6000 	C:\WINDOWS\SYSTEM32\WINMM.dll
0x00007ff8490e0000 - 0x00007ff8490eb000 	C:\WINDOWS\SYSTEM32\VERSION.dll
0x00007ff8548d0000 - 0x00007ff8548e4000 	C:\WINDOWS\SYSTEM32\UMPDC.dll
0x00007ff8537e0000 - 0x00007ff8537fb000 	C:\WINDOWS\SYSTEM32\kernel.appcore.dll
0x00007ff835e50000 - 0x00007ff835e5a000 	C:\Program Files\Java\jdk-23\bin\jimage.dll
0x00007ff8520b0000 - 0x00007ff8522f2000 	C:\WINDOWS\SYSTEM32\DBGHELP.DLL
0x00007ff8565d0000 - 0x00007ff856953000 	C:\WINDOWS\System32\combase.dll
0x00007ff8564f0000 - 0x00007ff8565c9000 	C:\WINDOWS\System32\OLEAUT32.dll
0x00007ff830b40000 - 0x00007ff830b7b000 	C:\WINDOWS\SYSTEM32\dbgcore.DLL
0x00007ff854be0000 - 0x00007ff854c88000 	C:\WINDOWS\System32\bcryptPrimitives.dll
0x00007ff8345d0000 - 0x00007ff8345df000 	C:\Program Files\Java\jdk-23\bin\instrument.dll
0x00007ff835e10000 - 0x00007ff835e2e000 	C:\Program Files\Java\jdk-23\bin\java.dll
0x00007ff856f70000 - 0x00007ff857108000 	C:\WINDOWS\System32\ole32.dll
0x00007ff855810000 - 0x00007ff855f94000 	C:\WINDOWS\System32\SHELL32.dll

dbghelp: loaded successfully - version: 4.0.5 - missing functions: none
symbol engine: initialized successfully - sym options: 0x614 - pdb path: .;C:\Program Files\Java\jdk-23\bin;C:\WINDOWS\SYSTEM32;C:\WINDOWS\WinSxS\amd64_microsoft.windows.common-controls_6595b64144ccf1df_6.0.26100.8521_none_3e08b75ce33403b3;C:\Program Files\Java\jdk-23\bin\server

VM Arguments:
jvm_args: -Dmaven.multiModuleProjectDirectory=C:\Users\jayar\Desktop\realtime-portfolio -Djansi.passthrough=true -Dmaven.home=C:\Users\jayar\.m2\wrapper\dists\apache-maven-3.9.9-bin\4nf9hui3q3djbarqar9g711ggc\apache-maven-3.9.9 -Dclassworlds.conf=C:\Users\jayar\.m2\wrapper\dists\apache-maven-3.9.9-bin\4nf9hui3q3djbarqar9g711ggc\apache-maven-3.9.9\bin\m2.conf -Dmaven.ext.class.path=C:\Users\jayar\Documents\ideaIC-2024.3.4.win\plugins\maven\lib\maven-event-listener.jar -javaagent:C:\Users\jayar\Documents\ideaIC-2024.3.4.win\lib\idea_rt.jar=61710 -Dfile.encoding=UTF-8 -Dsun.stdout.encoding=UTF-8 -Dsun.stderr.encoding=UTF-8 
java_command: org.codehaus.classworlds.Launcher -Didea.version=2024.3.4 clean
java_class_path (initial): C:\Users\jayar\.m2\wrapper\dists\apache-maven-3.9.9-bin\4nf9hui3q3djbarqar9g711ggc\apache-maven-3.9.9\boot\plexus-classworlds-2.8.0.jar;C:\Users\jayar\.m2\wrapper\dists\apache-maven-3.9.9-bin\4nf9hui3q3djbarqar9g711ggc\apache-maven-3.9.9\boot\plexus-classworlds.license
Launcher Type: SUN_STANDARD

[Global flags]
     intx CICompilerCount                          = 4                                         {product} {ergonomic}
     uint ConcGCThreads                            = 2                                         {product} {ergonomic}
     uint G1ConcRefinementThreads                  = 8                                         {product} {ergonomic}
   size_t G1HeapRegionSize                         = 4194304                                   {product} {ergonomic}
   size_t InitialHeapSize                          = 532676608                                 {product} {ergonomic}
   size_t MarkStackSize                            = 4194304                                   {product} {ergonomic}
   size_t MarkStackSizeMax                         = 536870912                                 {product} {ergonomic}
   size_t MaxHeapSize                              = 8510242816                                {product} {ergonomic}
   size_t MinHeapDeltaBytes                        = 4194304                                   {product} {ergonomic}
   size_t MinHeapSize                              = 8388608                                   {product} {ergonomic}
    uintx NonNMethodCodeHeapSize                   = 5832704                                {pd product} {ergonomic}
    uintx NonProfiledCodeHeapSize                  = 122945536                              {pd product} {ergonomic}
    uintx ProfiledCodeHeapSize                     = 122880000                              {pd product} {ergonomic}
    uintx ReservedCodeCacheSize                    = 251658240                              {pd product} {ergonomic}
     bool SegmentedCodeCache                       = true                                      {product} {ergonomic}
   size_t SoftMaxHeapSize                          = 8510242816                             {manageable} {ergonomic}
     bool UseCompressedOops                        = true                           {product lp64_product} {ergonomic}
     bool UseG1GC                                  = true                                      {product} {ergonomic}
     bool UseLargePagesIndividualAllocation        = false                                  {pd product} {ergonomic}

Logging:
Log output configuration:
 #0: stdout all=warning uptime,level,tags foldmultilines=false
 #1: stderr all=off uptime,level,tags foldmultilines=false

Environment Variables:
PATH=C:\Program Files\Common Files\Oracle\Java\javapath;C:\WINDOWS\system32;C:\WINDOWS;C:\WINDOWS\System32\Wbem;C:\WINDOWS\System32\WindowsPowerShell\v1.0\;C:\WINDOWS\System32\OpenSSH\;C:\Program Files\dotnet\;C:\Users\jayar\.local\bin\;C:\Program Files\Git\cmd;C:\Program Files\Docker\Docker\resources\bin;C:\Program Files\Amazon\AWSCLIV2\;C:\Program Files\nodejs\;C:\Users\jayar\AppData\Local\Microsoft\WindowsApps;C:\Users\jayar\Documents\flutter\bin;C:\Users\jayar\AppData\Local\Programs\Podman\;C:\Users\jayar\AppData\Roaming\npm
USERNAME=jayar
OS=Windows_NT
PROCESSOR_IDENTIFIER=Intel64 Family 6 Model 140 Stepping 1, GenuineIntel
TMP=C:\Users\jayar\AppData\Local\Temp
TEMP=C:\Users\jayar\AppData\Local\Temp




Periodic native trim disabled

---------------  S Y S T E M  ---------------

OS:
 Windows 11 , 64 bit Build 26100 (10.0.26100.8521)
OS uptime: 0 days 2:55 hours
Hyper-V role detected

CPU: total 8 (initial active 8) (4 cores per cpu, 2 threads per core) family 6 model 140 stepping 1 microcode 0xbc, cx8, cmov, fxsr, ht, mmx, 3dnowpref, sse, sse2, sse3, ssse3, sse4.1, sse4.2, popcnt, lzcnt, tsc, tscinvbit, avx, avx2, aes, erms, clmul, bmi1, bmi2, adx, avx512f, avx512dq, avx512cd, avx512bw, avx512vl, sha, fma, vzeroupper, avx512_vpopcntdq, avx512_vpclmulqdq, avx512_vaes, avx512_vnni, clflush, clflushopt, clwb, avx512_vbmi2, avx512_vbmi, hv, rdtscp, rdpid, fsrm, gfni, avx512_bitalg, f16c, cet_ibt, cet_ss, avx512_ifma
Processor Information for the first 8 processors :
  Max Mhz: 2995, Current Mhz: 2995, Mhz Limit: 2995

Memory: 4k page, system-wide physical 32448M (6665M free)
TotalPageFile size 36165M (AvailPageFile size 505M)
current process WorkingSet (physical memory assigned to process): 14M, peak: 14M
current process commit charge ("private bytes"): 61M, peak: 569M

vm_info: Java HotSpot(TM) 64-Bit Server VM (23.0.2+7-58) for windows-amd64 JRE (23.0.2+7-58), built on 2024-11-29T09:34:55Z with MS VC++ 17.6 (VS2022)

END.
